<?xml version="1.0" encoding="UTF-8"?>
<!-- Generated by org.testng.reporters.JUnitReportReporter -->
<testsuite hostname="LAPTOP-QKA0KCV8" failures="0" tests="1" name="Test_DELETE" time="1.736" errors="0" timestamp="2023-07-22T11:57:51 IST" skipped="0">
  <testcase classname="Test_DELETE" name="Test_Delete" time="1.736"/>
  <system-out/>
</testsuite> <!-- Test_DELETE -->
