<?xml version="1.0" encoding="UTF-8"?>
<!-- Generated by org.testng.reporters.JUnitReportReporter -->
<testsuite hostname="LAPTOP-QKA0KCV8" failures="0" tests="1" name="Test_PATCH" time="2.587" errors="0" timestamp="2023-04-03T12:46:57 IST" skipped="0">
  <testcase classname="Test_PATCH" name="Test_1_Patch" time="2.587"/>
  <system-out/>
</testsuite> <!-- Test_PATCH -->
