<?xml version="1.0" encoding="UTF-8"?>
<!-- Generated by org.testng.reporters.JUnitReportReporter -->
<testsuite hostname="LAPTOP-QKA0KCV8" failures="0" tests="2" name="Test_GET" time="3.147" errors="0" timestamp="2022-11-23T15:26:54 IST" skipped="0">
  <testcase classname="Test_GET" name="Test_001" time="2.041"/>
  <system-out>
    <![CDATA[Test_001]]>
  </system-out>
  <testcase classname="Test_GET" name="Test_002" time="1.106"/>
  <system-out/>
</testsuite> <!-- Test_GET -->
