<?xml version="1.0" encoding="UTF-8"?>
<!-- Generated by org.testng.reporters.JUnitReportReporter -->
<testsuite hostname="LAPTOP-QKA0KCV8" failures="0" tests="1" name="Test_PUT" time="2.370" errors="0" timestamp="2022-09-29T16:34:43 IST" skipped="0">
  <testcase classname="Test_PUT" name="Test_1_Put" time="2.370"/>
  <system-out/>
</testsuite> <!-- Test_PUT -->
