<?xml version="1.0" encoding="UTF-8"?>
<!-- Generated by org.testng.reporters.JUnitReportReporter -->
<testsuite hostname="LAPTOP-QKA0KCV8" failures="0" tests="1" name="Test_POST" time="3.155" errors="0" timestamp="2022-09-29T16:23:55 IST" skipped="0">
  <testcase classname="Test_POST" name="Test_1_Post" time="3.155"/>
  <system-out/>
</testsuite> <!-- Test_POST -->
